<?xml version="1.0" encoding="UTF-8"?>
<!-- Generated by org.testng.reporters.JUnitXMLReporter -->
<testsuite hostname="Sony-PC" name="Test" tests="1" failures="1" timestamp="3 Mar 2016 18:51:39 GMT" time="10.644" errors="0">
  <testcase name="firefoxTest" time="10.564" classname="demo.ActiLoginTest">
    <failure type="org.openqa.selenium.WebDriverException" message="this.getChromeWindowFromDocumentWindow(...) is undefined
Command duration or timeout: 133 milliseconds
Build info: version: &amp;apos;2.51.0&amp;apos;, revision: &amp;apos;1af067d&amp;apos;, time: &amp;apos;2016-02-05 19:11:55&amp;apos;
System info: host: &amp;apos;Sony-PC&amp;apos;, ip: &amp;apos;192.168.1.100&amp;apos;, os.name: &amp;apos;Windows 7&amp;apos;, os.arch: &amp;apos;amd64&amp;apos;, os.version: &amp;apos;6.1&amp;apos;, java.version: &amp;apos;1.7.0_25&amp;apos;
Session ID: 0bc1341d-f928-4a9b-b57f-9be6584b01b6
Driver info: org.openqa.selenium.firefox.FirefoxDriver
Capabilities [{platform=WINDOWS, acceptSslCerts=true, javascriptEnabled=true, cssSelectorsEnabled=true, databaseEnabled=true, browserName=firefox, handlesAlerts=true, nativeEvents=false, webStorageEnabled=true, rotatable=false, locationContextEnabled=true, applicationCacheEnabled=true, takesScreenshot=true, version=32.0.2}]">
      <![CDATA[org.openqa.selenium.WebDriverException: this.getChromeWindowFromDocumentWindow(...) is undefined
Command duration or timeout: 133 milliseconds
Build info: version: '2.51.0', revision: '1af067d', time: '2016-02-05 19:11:55'
System info: host: 'Sony-PC', ip: '192.168.1.100', os.name: 'Windows 7', os.arch: 'amd64', os.version: '6.1', java.version: '1.7.0_25'
Session ID: 0bc1341d-f928-4a9b-b57f-9be6584b01b6
Driver info: org.openqa.selenium.firefox.FirefoxDriver
Capabilities [{platform=WINDOWS, acceptSslCerts=true, javascriptEnabled=true, cssSelectorsEnabled=true, databaseEnabled=true, browserName=firefox, handlesAlerts=true, nativeEvents=false, webStorageEnabled=true, rotatable=false, locationContextEnabled=true, applicationCacheEnabled=true, takesScreenshot=true, version=32.0.2}]
	at org.openqa.selenium.remote.ErrorHandler.createThrowable(ErrorHandler.java:206)
	at org.openqa.selenium.remote.ErrorHandler.throwIfResponseFailed(ErrorHandler.java:158)
	at org.openqa.selenium.remote.RemoteWebDriver.execute(RemoteWebDriver.java:678)
	at org.openqa.selenium.remote.RemoteWebDriver$RemoteWebDriverOptions$RemoteWindow.maximize(RemoteWebDriver.java:945)
	at demo.ActiLoginTest.firefoxTest(ActiLoginTest.java:16)
Caused by: org.openqa.selenium.WebDriverException: this.getChromeWindowFromDocumentWindow(...) is undefined
Build info: version: '2.51.0', revision: '1af067d', time: '2016-02-05 19:11:55'
System info: host: 'Sony-PC', ip: '192.168.1.100', os.name: 'Windows 7', os.arch: 'amd64', os.version: '6.1', java.version: '1.7.0_25'
Driver info: driver.version: unknown
	at <anonymous class>.FirefoxDriver.prototype.maximizeWindow(file:///C:/Users/Sony/AppData/Local/Temp/anonymous3508889777976014550webdriver-profile/extensions/fxdriver@googlecode.com/components/driver-component.js:11093)
	at <anonymous class>.DelayedCommand.prototype.executeInternal_/h(file:///C:/Users/Sony/AppData/Local/Temp/anonymous3508889777976014550webdriver-profile/extensions/fxdriver@googlecode.com/components/command-processor.js:12602)
	at <anonymous class>.DelayedCommand.prototype.executeInternal_(file:///C:/Users/Sony/AppData/Local/Temp/anonymous3508889777976014550webdriver-profile/extensions/fxdriver@googlecode.com/components/command-processor.js:12607)
	at <anonymous class>.DelayedCommand.prototype.execute/<(file:///C:/Users/Sony/AppData/Local/Temp/anonymous3508889777976014550webdriver-profile/extensions/fxdriver@googlecode.com/components/command-processor.js:12549)
... Removed 28 stack frames]]>
    </failure>
  </testcase> <!-- firefoxTest -->
</testsuite> <!-- Test -->
